<?xml version="1.0" encoding="UTF-8"?>
<coverage generated="1643325054006" clover="3.2.0">
  <project timestamp="1643325054006" name="All files">
    <metrics statements="9" coveredstatements="9" conditionals="4" coveredconditionals="4" methods="2" coveredmethods="2" elements="15" coveredelements="15" complexity="0" loc="9" ncloc="9" packages="1" files="1" classes="1"/>
    <file name="countElementsWithStrictSmallerAndGreater.js" path="/Users/Eric/Desktop/Desktop/projects/Algos/Leet Code/countElementsWithStrictSmallerAndGreater.js">
      <metrics statements="9" coveredstatements="9" conditionals="4" coveredconditionals="4" methods="2" coveredmethods="2"/>
      <line num="3" count="23" type="stmt"/>
      <line num="5" count="6" type="stmt"/>
      <line num="6" count="6" type="stmt"/>
      <line num="7" count="6" type="stmt"/>
      <line num="9" count="6" type="stmt"/>
      <line num="10" count="27" type="cond" truecount="4" falsecount="0"/>
      <line num="11" count="12" type="stmt"/>
      <line num="14" count="6" type="stmt"/>
      <line num="17" count="1" type="stmt"/>
    </file>
  </project>
</coverage>
