{"/Users/Eric/Desktop/Desktop/projects/Algos/Leet Code/countElementsWithStrictSmallerAndGreater.js": {"path":"/Users/Eric/Desktop/Desktop/projects/Algos/Leet Code/countElementsWithStrictSmallerAndGreater.js","statementMap":{"0":{"start":{"line":3,"column":2},"end":{"line":3,"column":28}},"1":{"start":{"line":3,"column":22},"end":{"line":3,"column":27}},"2":{"start":{"line":5,"column":14},"end":{"line":5,"column":15}},"3":{"start":{"line":6,"column":12},"end":{"line":6,"column":19}},"4":{"start":{"line":7,"column":13},"end":{"line":7,"column":33}},"5":{"start":{"line":9,"column":2},"end":{"line":13,"column":3}},"6":{"start":{"line":10,"column":6},"end":{"line":12,"column":7}},"7":{"start":{"line":11,"column":10},"end":{"line":11,"column":17}},"8":{"start":{"line":14,"column":2},"end":{"line":14,"column":14}},"9":{"start":{"line":17,"column":0},"end":{"line":17,"column":30}}},"fnMap":{"0":{"name":"countElements","decl":{"start":{"line":2,"column":9},"end":{"line":2,"column":22}},"loc":{"start":{"line":2,"column":30},"end":{"line":15,"column":1}},"line":2},"1":{"name":"(anonymous_1)","decl":{"start":{"line":3,"column":12},"end":{"line":3,"column":13}},"loc":{"start":{"line":3,"column":22},"end":{"line":3,"column":27}},"line":3}},"branchMap":{"0":{"loc":{"start":{"line":10,"column":6},"end":{"line":12,"column":7}},"type":"if","locations":[{"start":{"line":10,"column":6},"end":{"line":12,"column":7}},{"start":{},"end":{}}],"line":10},"1":{"loc":{"start":{"line":10,"column":10},"end":{"line":10,"column":37}},"type":"binary-expr","locations":[{"start":{"line":10,"column":10},"end":{"line":10,"column":21}},{"start":{"line":10,"column":25},"end":{"line":10,"column":37}}],"line":10}},"s":{"0":6,"1":23,"2":6,"3":6,"4":6,"5":6,"6":27,"7":12,"8":6,"9":1},"f":{"0":6,"1":23},"b":{"0":[12,15],"1":[27,19]},"_coverageSchema":"1a1c01bbd47fc00a2c39e90264f33305004495a9","hash":"3f97c15af253e5742f8426250ce14176dcde2891"}
,"/Users/Eric/Desktop/Desktop/projects/Algos/Leet Code/richestCustomerWealth.js": {"path":"/Users/Eric/Desktop/Desktop/projects/Algos/Leet Code/richestCustomerWealth.js","statementMap":{"0":{"start":{"line":5,"column":21},"end":{"line":20,"column":1}},"1":{"start":{"line":6,"column":24},"end":{"line":6,"column":25}},"2":{"start":{"line":9,"column":2},"end":{"line":9,"column":59}},"3":{"start":{"line":9,"column":29},"end":{"line":9,"column":59}},"4":{"start":{"line":11,"column":2},"end":{"line":16,"column":3}},"5":{"start":{"line":12,"column":4},"end":{"line":15,"column":5}},"6":{"start":{"line":13,"column":6},"end":{"line":13,"column":47}},"7":{"start":{"line":13,"column":41},"end":{"line":13,"column":46}},"8":{"start":{"line":14,"column":6},"end":{"line":14,"column":57}},"9":{"start":{"line":18,"column":2},"end":{"line":18,"column":24}},"10":{"start":{"line":23,"column":0},"end":{"line":23,"column":30}}},"fnMap":{"0":{"name":"(anonymous_0)","decl":{"start":{"line":5,"column":21},"end":{"line":5,"column":22}},"loc":{"start":{"line":5,"column":40},"end":{"line":20,"column":1}},"line":5},"1":{"name":"(anonymous_1)","decl":{"start":{"line":13,"column":31},"end":{"line":13,"column":32}},"loc":{"start":{"line":13,"column":41},"end":{"line":13,"column":46}},"line":13}},"branchMap":{"0":{"loc":{"start":{"line":9,"column":2},"end":{"line":9,"column":59}},"type":"if","locations":[{"start":{"line":9,"column":2},"end":{"line":9,"column":59}},{"start":{},"end":{}}],"line":9},"1":{"loc":{"start":{"line":12,"column":4},"end":{"line":15,"column":5}},"type":"if","locations":[{"start":{"line":12,"column":4},"end":{"line":15,"column":5}},{"start":{},"end":{}}],"line":12}},"s":{"0":1,"1":4,"2":4,"3":1,"4":3,"5":7,"6":5,"7":9,"8":5,"9":3,"10":1},"f":{"0":4,"1":9},"b":{"0":[1,3],"1":[5,2]},"_coverageSchema":"1a1c01bbd47fc00a2c39e90264f33305004495a9","hash":"564fe3cc3901b3b59828087df2d654f4f886ecb4"}
,"/Users/Eric/Desktop/Desktop/projects/Algos/Leet Code/shuffleString.js": {"path":"/Users/Eric/Desktop/Desktop/projects/Algos/Leet Code/shuffleString.js","statementMap":{"0":{"start":{"line":6,"column":21},"end":{"line":14,"column":1}},"1":{"start":{"line":7,"column":22},"end":{"line":7,"column":24}},"2":{"start":{"line":9,"column":2},"end":{"line":11,"column":3}},"3":{"start":{"line":9,"column":15},"end":{"line":9,"column":16}},"4":{"start":{"line":10,"column":6},"end":{"line":10,"column":38}},"5":{"start":{"line":13,"column":2},"end":{"line":13,"column":31}},"6":{"start":{"line":16,"column":0},"end":{"line":16,"column":30}}},"fnMap":{"0":{"name":"(anonymous_0)","decl":{"start":{"line":6,"column":21},"end":{"line":6,"column":22}},"loc":{"start":{"line":6,"column":42},"end":{"line":14,"column":1}},"line":6}},"branchMap":{},"s":{"0":1,"1":2,"2":2,"3":2,"4":11,"5":2,"6":1},"f":{"0":2},"b":{},"_coverageSchema":"1a1c01bbd47fc00a2c39e90264f33305004495a9","hash":"db0e4bb4ec4ce2ed0b83a1ceddea47ba35b610ce"}
}
