TN:
SF:Leet Code/countElementsWithStrictSmallerAndGreater.js
FN:2,countElements
FN:3,(anonymous_1)
FNF:2
FNH:2
FNDA:6,countElements
FNDA:23,(anonymous_1)
DA:3,23
DA:5,6
DA:6,6
DA:7,6
DA:9,6
DA:10,27
DA:11,12
DA:14,6
DA:17,1
LF:9
LH:9
BRDA:10,0,0,12
BRDA:10,0,1,15
BRDA:10,1,0,27
BRDA:10,1,1,19
BRF:4
BRH:4
end_of_record
TN:
SF:Leet Code/richestCustomerWealth.js
FN:5,(anonymous_0)
FN:13,(anonymous_1)
FNF:2
FNH:2
FNDA:4,(anonymous_0)
FNDA:9,(anonymous_1)
DA:5,1
DA:6,4
DA:9,4
DA:11,3
DA:12,7
DA:13,9
DA:14,5
DA:18,3
DA:23,1
LF:9
LH:9
BRDA:9,0,0,1
BRDA:9,0,1,3
BRDA:12,1,0,5
BRDA:12,1,1,2
BRF:4
BRH:4
end_of_record
